Buildfile: C:\data\Project\jhi-development\projects\junit\wsp-junitext\org.junitext\src-jdk14\build.xml
check.3rdParty:
prepare:
    [mkdir] Created dir: C:\data\Project\jhi-development\projects\junit\wsp-junitext\org.junitext\src-jdk14\build
    [unzip] Expanding: C:\data\Project\jhi-development\projects\junit\wsp-junitext\org.junitext\src-jdk14\3rdParty\junit4.1.zip into C:\data\Project\jhi-development\projects\junit\wsp-junitext\org.junitext\src-jdk14\build
    [unzip] Expanding: C:\data\Project\jhi-development\projects\junit\wsp-junitext\org.junitext\src-jdk14\3rdParty\retroweaver-1.2.2.zip into C:\data\Project\jhi-development\projects\junit\wsp-junitext\org.junitext\src-jdk14\build
    [mkdir] Created dir: C:\data\Project\jhi-development\projects\junit\wsp-junitext\org.junitext\src-jdk14\build\bin\jdk15
    [mkdir] Created dir: C:\data\Project\jhi-development\projects\junit\wsp-junitext\org.junitext\src-jdk14\build\bin\weaved
compile:
    [javac] Compiling 4 source files to C:\data\Project\jhi-development\projects\junit\wsp-junitext\org.junitext\src-jdk14\build\bin\jdk15
    [javac] Compiling 83 source files to C:\data\Project\jhi-development\projects\junit\wsp-junitext\org.junitext\src-jdk14\build\bin\jdk15
    [javac] Note: C:\data\Project\jhi-development\projects\junit\wsp-junitext\org.junitext\src-jdk14\build\junit4.1\junit\tests\framework\SuiteTest.java uses unchecked or unsafe operations.
    [javac] Note: Recompile with -Xlint:unchecked for details.
weave:
    [mkdir] Created dir: C:\data\Project\jhi-development\projects\junit\wsp-junitext\org.junitext\src-jdk14\build\bin\weaved\p1
[retroweaver] Processing 252 classe(s)
[retroweaver] java.io.FileNotFoundException: C:\data\Project\jhi-development\projects\junit\wsp-junitext\org.junitext\src-jdk14\build\bin\weaved\junit\samples\AllTests.class (Das System kann den angegebenen Pfad nicht finden)
[retroweaver] at java.io.FileOutputStream.open(Native Method)
[retroweaver] at java.io.FileOutputStream.<init>(FileOutputStream.java:179)
[retroweaver] at java.io.FileOutputStream.<init>(FileOutputStream.java:70)
[retroweaver] at com.rc.retroweaver.RetroWeaver.weave(RetroWeaver.java:275)
[retroweaver] at com.rc.retroweaver.RetroWeaver.weave(RetroWeaver.java:145)
[retroweaver] at com.rc.retroweaver.ant.RetroWeaverTask.execute(RetroWeaverTask.java:343)
[retroweaver] at org.apache.tools.ant.UnknownElement.execute(UnknownElement.java:275)
[retroweaver] at org.apache.tools.ant.Task.perform(Task.java:364)
[retroweaver] at org.apache.tools.ant.Target.execute(Target.java:341)
[retroweaver] at org.apache.tools.ant.Target.performTasks(Target.java:369)
[retroweaver] at org.apache.tools.ant.Project.executeSortedTargets(Project.java:1216)
[retroweaver] at org.apache.tools.ant.Project.executeTarget(Project.java:1185)
[retroweaver] at org.apache.tools.ant.helper.DefaultExecutor.executeTargets(DefaultExecutor.java:40)
[retroweaver] at org.eclipse.ant.internal.ui.antsupport.EclipseDefaultExecutor.executeTargets(EclipseDefaultExecutor.java:32)
[retroweaver] at org.apache.tools.ant.Project.executeTargets(Project.java:1068)
[retroweaver] at org.eclipse.ant.internal.ui.antsupport.InternalAntRunner.run(InternalAntRunner.java:423)
[retroweaver] at org.eclipse.ant.internal.ui.antsupport.InternalAntRunner.main(InternalAntRunner.java:137)

BUILD FAILED
C:\data\Project\jhi-development\projects\junit\wsp-junitext\org.junitext\src-jdk14\build.xml:66: java.io.FileNotFoundException: C:\data\Project\jhi-development\projects\junit\wsp-junitext\org.junitext\src-jdk14\build\bin\weaved\junit\samples\AllTests.class (Das System kann den angegebenen Pfad nicht finden)

Total time: 10 seconds
